<?xml version="1.0" encoding="UTF-8"?>
<!-- Generated by org.testng.reporters.JUnitReportReporter -->
<testsuite hostname="ASN69" failures="0" tests="1" name="auto.AutoTest" time="4.112" errors="0" timestamp="2022-11-12T01:17:10 EST" skipped="0">
  <testcase classname="auto.AutoTest" name="aTest" time="4.112"/>
  <system-out>
    <![CDATA[11230 : has been passed to ---->[[ChromeDriver: chrome on WINDOWS (088719527d59e903e0db21203fd07837)] -> name: zipCode]<br>
[[ChromeDriver: chrome on WINDOWS (088719527d59e903e0db21203fd07837)] -> id: trans-fake-get-quote] <---- has been clicked<br>
[[ChromeDriver: chrome on WINDOWS (088719527d59e903e0db21203fd07837)] -> xpath: //label[@id='lbl-0-1']] <---- has been clicked<br>
[[ChromeDriver: chrome on WINDOWS (088719527d59e903e0db21203fd07837)] -> id: body-btn-get-quote] <---- has been clicked<br>]]>
  </system-out>
</testsuite> <!-- auto.AutoTest -->
